;  LST file generated by mikroListExporter - v.2.0 
; Date/Time: 2016. 04. 25. 9:18:21
;----------------------------------------------

;Address Opcode 	ASM
0x0000	0xF003EF5D  	GOTO        1722
_interrupt:
;Main.c,11 :: 		void interrupt() {
0x0008	0xF020C000  	MOVFF       R0, 32
0x000C	0xF01FC001  	MOVFF       R1, 31
0x0010	0xF01EC002  	MOVFF       R2, 30
0x0014	0xF01DC003  	MOVFF       R3, 29
0x0018	0xF01CC004  	MOVFF       R4, 28
0x001C	0xF01BC005  	MOVFF       R5, 27
0x0020	0xF01AC008  	MOVFF       R8, 26
0x0024	0xF019C009  	MOVFF       R9, 25
0x0028	0xF018C00A  	MOVFF       R10, 24
0x002C	0xF017C00B  	MOVFF       R11, 23
0x0030	0xF016C00C  	MOVFF       R12, 22
0x0034	0xF015C00D  	MOVFF       R13, 21
;Main.c,14 :: 		if(RC1IF_bit && RC1IE_bit)
0x0038	0xF023CFE1  	MOVFF       FSR1L, 35
0x003C	0xF024CFE2  	MOVFF       FSR1H, 36
0x0040	0xF021CFF3  	MOVFF       PROD, 33
0x0044	0xF022CFF4  	MOVFF       PRODH, 34
0x0048	0xAA9E      	BTFSS       RC1IF_bit, BitPos(RC1IF_bit+0) 
0x004A	0xD003      	BRA         L_interrupt2
0x004C	0xAA9D      	BTFSS       RC1IE_bit, BitPos(RC1IE_bit+0) 
0x004E	0xD001      	BRA         L_interrupt2
L__interrupt3:
;Main.c,15 :: 		Serial_handleInterrupt();
0x0050	0xDAA8      	RCALL       _Serial_handleInterrupt
L_interrupt2:
;Main.c,16 :: 		}
L_end_interrupt:
L__interrupt5:
0x0052	0xFFF3C021  	MOVFF       33, PROD
0x0056	0xFFF4C022  	MOVFF       34, PRODH
0x005A	0xF000C020  	MOVFF       32, R0
0x005E	0xF001C01F  	MOVFF       31, R1
0x0062	0xF002C01E  	MOVFF       30, R2
0x0066	0xF003C01D  	MOVFF       29, R3
0x006A	0xF004C01C  	MOVFF       28, R4
0x006E	0xF005C01B  	MOVFF       27, R5
0x0072	0xF008C01A  	MOVFF       26, R8
0x0076	0xF009C019  	MOVFF       25, R9
0x007A	0xF00AC018  	MOVFF       24, R10
0x007E	0xF00BC017  	MOVFF       23, R11
0x0082	0xF00CC016  	MOVFF       22, R12
0x0086	0xF00DC015  	MOVFF       21, R13
0x008A	0xFFE1C023  	MOVFF       35, FSR1L
0x008E	0xFFE2C024  	MOVFF       36, FSR1H
0x0092	0x0011      	RETFIE      1
; end of _interrupt
_UART1_Write:
;__Lib_UART_c67d67.c,63 :: 		
;__Lib_UART_c67d67.c,64 :: 		
L_UART1_Write3:
0x0094	0xB2AC      	BTFSC       TXSTA, 1 
0x0096	0xD002      	BRA         L_UART1_Write4
;__Lib_UART_c67d67.c,65 :: 		
0x0098	0x0000      	NOP
0x009A	0xD7FC      	BRA         L_UART1_Write3
L_UART1_Write4:
;__Lib_UART_c67d67.c,66 :: 		
0x009C	0xFFADC0A8  	MOVFF       FARG_UART1_Write_data_, TXREG
;__Lib_UART_c67d67.c,67 :: 		
L_end_UART1_Write:
0x00A0	0x0012      	RETURN      0
; end of _UART1_Write
_Div_16x16_S_L:
;__Lib_Math.c,139 :: 		
;__Lib_Math.c,146 :: 		
0x00A2	0x3401      	RLCF        R1, 0, 0
;__Lib_Math.c,147 :: 		
0x00A4	0x3608      	RLCF        R8, 1, 0
;__Lib_Math.c,148 :: 		
0x00A6	0x3609      	RLCF        R9, 1, 0
;__Lib_Math.c,149 :: 		
0x00A8	0x5004      	MOVF        R4, 0, 0
;__Lib_Math.c,150 :: 		
0x00AA	0x5E08      	SUBWF       R8, 1, 0
;__Lib_Math.c,151 :: 		
0x00AC	0x5005      	MOVF        R5, 0, 0
;__Lib_Math.c,152 :: 		
0x00AE	0xA0D8      	BTFSS       STATUS, 0, 0
;__Lib_Math.c,153 :: 		
0x00B0	0x3C05      	INCFSZ      R5, 0, 0
;__Lib_Math.c,154 :: 		
0x00B2	0x5E09      	SUBWF       R9, 1, 0
;__Lib_Math.c,155 :: 		
0x00B4	0x3600      	RLCF        R0, 1, 0
;__Lib_Math.c,156 :: 		
0x00B6	0x3601      	RLCF        R1, 1, 0
;__Lib_Math.c,158 :: 		
0x00B8	0x0E0F      	MOVLW       15
;__Lib_Math.c,159 :: 		
0x00BA	0x6E0C      	MOVWF       R12, 0
;__Lib_Math.c,161 :: 		
0x00BC	0x3401      	RLCF        R1, 0, 0
;__Lib_Math.c,162 :: 		
0x00BE	0x3608      	RLCF        R8, 1, 0
;__Lib_Math.c,163 :: 		
0x00C0	0x3609      	RLCF        R9, 1, 0
;__Lib_Math.c,164 :: 		
0x00C2	0x5004      	MOVF        R4, 0, 0
;__Lib_Math.c,166 :: 		
0x00C4	0xA000      	BTFSS       R0, 0, 0
;__Lib_Math.c,167 :: 		
0x00C6	0xD006      	BRA         $+14
;__Lib_Math.c,168 :: 		
0x00C8	0x5E08      	SUBWF       R8, 1, 0
;__Lib_Math.c,169 :: 		
0x00CA	0x5005      	MOVF        R5, 0, 0
;__Lib_Math.c,170 :: 		
0x00CC	0xA0D8      	BTFSS       STATUS, 0, 0
;__Lib_Math.c,171 :: 		
0x00CE	0x3C05      	INCFSZ      R5, 0, 0
;__Lib_Math.c,172 :: 		
0x00D0	0x5E09      	SUBWF       R9, 1, 0
;__Lib_Math.c,173 :: 		
0x00D2	0xD005      	BRA         $+12
;__Lib_Math.c,175 :: 		
0x00D4	0x2608      	ADDWF       R8, 1, 0
;__Lib_Math.c,176 :: 		
0x00D6	0x5005      	MOVF        R5, 0, 0
;__Lib_Math.c,177 :: 		
0x00D8	0xB0D8      	BTFSC       STATUS, 0, 0
;__Lib_Math.c,178 :: 		
0x00DA	0x3C05      	INCFSZ      R5, 0, 0
;__Lib_Math.c,179 :: 		
0x00DC	0x2609      	ADDWF       R9, 1, 0
;__Lib_Math.c,181 :: 		
0x00DE	0x3600      	RLCF        R0, 1, 0
;__Lib_Math.c,182 :: 		
0x00E0	0x3601      	RLCF        R1, 1, 0
;__Lib_Math.c,184 :: 		
0x00E2	0x2E0C      	DECFSZ      R12, 1, 0
;__Lib_Math.c,185 :: 		
0x00E4	0xD7EB      	BRA         $-40
;__Lib_Math.c,187 :: 		
0x00E6	0xB000      	BTFSC       R0, 0, 0
;__Lib_Math.c,188 :: 		
0x00E8	0xD006      	BRA         $+14
;__Lib_Math.c,189 :: 		
0x00EA	0x5004      	MOVF        R4, 0, 0
;__Lib_Math.c,190 :: 		
0x00EC	0x2608      	ADDWF       R8, 1, 0
;__Lib_Math.c,191 :: 		
0x00EE	0x5005      	MOVF        R5, 0, 0
;__Lib_Math.c,192 :: 		
0x00F0	0xB0D8      	BTFSC       STATUS, 0, 0
;__Lib_Math.c,193 :: 		
0x00F2	0x3C05      	INCFSZ      R5, 0, 0
;__Lib_Math.c,194 :: 		
0x00F4	0x2609      	ADDWF       R9, 1, 0
;__Lib_Math.c,195 :: 		
0x00F6	0x0000      	NOP
;__Lib_Math.c,197 :: 		
L_end_Div_16x16_S_L:
0x00F8	0x0012      	RETURN      0
; end of _Div_16x16_S_L
_memcpy:
;__Lib_CString.c,44 :: 		
;__Lib_CString.c,48 :: 		
0x00FA	0xF004C0AA  	MOVFF       FARG_memcpy_s1, R4
0x00FE	0xF005C0AB  	MOVFF       FARG_memcpy_s1+1, R5
;__Lib_CString.c,49 :: 		
0x0102	0xF002C0A8  	MOVFF       FARG_memcpy_d1, R2
0x0106	0xF003C0A9  	MOVFF       FARG_memcpy_d1+1, R3
;__Lib_CString.c,50 :: 		
L_memcpy7:
0x010A	0xF000C0AC  	MOVFF       FARG_memcpy_n, R0
0x010E	0xF001C0AD  	MOVFF       FARG_memcpy_n+1, R1
0x0112	0x0E01      	MOVLW       1
0x0114	0x0100      	MOVLB       0
0x0116	0x5FAC      	SUBWF       FARG_memcpy_n, 1, 1
0x0118	0x0E00      	MOVLW       0
0x011A	0x5BAD      	SUBWFB      FARG_memcpy_n+1, 1, 1
0x011C	0x5000      	MOVF        R0, 0 
0x011E	0x1001      	IORWF       R1, 0 
0x0120	0xE00F      	BZ          L_memcpy8
;__Lib_CString.c,51 :: 		
0x0122	0xFFE9C004  	MOVFF       R4, FSR0L
0x0126	0xFFEAC005  	MOVFF       R5, FSR0H
0x012A	0xFFE1C002  	MOVFF       R2, FSR1L
0x012E	0xFFE2C003  	MOVFF       R3, FSR1H
0x0132	0xFFE6CFEE  	MOVFF       POSTINC0, POSTINC1
0x0136	0x4A02      	INFSNZ      R2, 1 
0x0138	0x2A03      	INCF        R3, 1 
0x013A	0x4A04      	INFSNZ      R4, 1 
0x013C	0x2A05      	INCF        R5, 1 
0x013E	0xD7E5      	BRA         L_memcpy7
L_memcpy8:
;__Lib_CString.c,53 :: 		
0x0140	0xF000C0A8  	MOVFF       FARG_memcpy_d1, R0
0x0144	0xF001C0A9  	MOVFF       FARG_memcpy_d1+1, R1
;__Lib_CString.c,54 :: 		
L_end_memcpy:
0x0148	0x0012      	RETURN      0
; end of _memcpy
_UART1_Init:
;__Lib_UART_c67d67.c,20 :: 		
;__Lib_UART_c67d67.c,23 :: 		
0x014A	0x0E94      	MOVLW       _UART1_Write
0x014C	0x0100      	MOVLB       0
0x014E	0x6F90      	MOVWF       _UART_Wr_Ptr, 1
0x0150	0x0E00      	MOVLW       hi_addr(_UART1_Write)
0x0152	0x6F91      	MOVWF       _UART_Wr_Ptr+1, 1
0x0154	0x0EA8      	MOVLW       FARG_UART1_Write_data_
0x0156	0x6F92      	MOVWF       _UART_Wr_Ptr+2, 1
0x0158	0x0E00      	MOVLW       hi_addr(FARG_UART1_Write_data_)
0x015A	0x6F93      	MOVWF       _UART_Wr_Ptr+3, 1
;__Lib_UART_c67d67.c,24 :: 		
0x015C	0x0EBC      	MOVLW       _UART1_Read
0x015E	0x6F94      	MOVWF       _UART_Rd_Ptr, 1
0x0160	0x0E03      	MOVLW       hi_addr(_UART1_Read)
0x0162	0x6F95      	MOVWF       _UART_Rd_Ptr+1, 1
0x0164	0x0E00      	MOVLW       0
0x0166	0x6F96      	MOVWF       _UART_Rd_Ptr+2, 1
0x0168	0x0E00      	MOVLW       0
0x016A	0x6F97      	MOVWF       _UART_Rd_Ptr+3, 1
;__Lib_UART_c67d67.c,25 :: 		
0x016C	0x0EFF      	MOVLW       _UART1_Data_Ready
0x016E	0x6F98      	MOVWF       _UART_Rdy_Ptr, 1
0x0170	0x0EFF      	MOVLW       hi_addr(_UART1_Data_Ready)
0x0172	0x6F99      	MOVWF       _UART_Rdy_Ptr+1, 1
0x0174	0x0E00      	MOVLW       0
0x0176	0x6F9A      	MOVWF       _UART_Rdy_Ptr+2, 1
0x0178	0x0E00      	MOVLW       0
0x017A	0x6F9B      	MOVWF       _UART_Rdy_Ptr+3, 1
;__Lib_UART_c67d67.c,26 :: 		
0x017C	0x0EFF      	MOVLW       _UART1_Tx_Idle
0x017E	0x6F9C      	MOVWF       _UART_Tx_Idle_Ptr, 1
0x0180	0x0EFF      	MOVLW       hi_addr(_UART1_Tx_Idle)
0x0182	0x6F9D      	MOVWF       _UART_Tx_Idle_Ptr+1, 1
0x0184	0x0E00      	MOVLW       0
0x0186	0x6F9E      	MOVWF       _UART_Tx_Idle_Ptr+2, 1
0x0188	0x0E00      	MOVLW       0
0x018A	0x6F9F      	MOVWF       _UART_Tx_Idle_Ptr+3, 1
;__Lib_UART_c67d67.c,28 :: 		
0x018C	0x8AAC      	BSF         TXSTA, 5 
;__Lib_UART_c67d67.c,29 :: 		
0x018E	0x0E90      	MOVLW       144
0x0190	0x6EAB      	MOVWF       RCSTA 
;__Lib_UART_c67d67.c,30 :: 		
0x0192	0x8E94      	BSF         TRISC7_bit, BitPos(TRISC7_bit+0) 
;__Lib_UART_c67d67.c,31 :: 		
0x0194	0x9C94      	BCF         TRISC6_bit, BitPos(TRISC6_bit+0) 
;__Lib_UART_c67d67.c,33 :: 		
L_UART1_Init0:
0x0196	0xAA9E      	BTFSS       PIR1, 5 
0x0198	0xD003      	BRA         L_UART1_Init1
;__Lib_UART_c67d67.c,34 :: 		
0x019A	0xF000CFAE  	MOVFF       RCREG, R0
0x019E	0xD7FB      	BRA         L_UART1_Init0
L_UART1_Init1:
;__Lib_UART_c67d67.c,35 :: 		
L_end_UART1_Init:
0x01A0	0x0012      	RETURN      0
; end of _UART1_Init
_Div_16x16_S:
;__Lib_Math.c,200 :: 		
;__Lib_Math.c,208 :: 		
0x01A2	0x5004      	MOVF        R4, 0 
0x01A4	0x0A00      	XORLW       0
0x01A6	0xE108      	BNZ         L_Div_16x16_S0
;__Lib_Math.c,209 :: 		
0x01A8	0x5005      	MOVF        R5, 0 
0x01AA	0x0A00      	XORLW       0
0x01AC	0xE105      	BNZ         L_Div_16x16_S1
;__Lib_Math.c,210 :: 		
0x01AE	0x0EFF      	MOVLW       255
0x01B0	0x6E00      	MOVWF       R0 
;__Lib_Math.c,211 :: 		
0x01B2	0x0E7F      	MOVLW       127
0x01B4	0x6E01      	MOVWF       R1 
;__Lib_Math.c,212 :: 		
0x01B6	0xD057      	BRA         L_end_Div_16x16_S
;__Lib_Math.c,213 :: 		
L_Div_16x16_S1:
L_Div_16x16_S0:
;__Lib_Math.c,216 :: 		
0x01B8	0x6A0D      	CLRF        R13, 0
;__Lib_Math.c,217 :: 		
0x01BA	0x6A09      	CLRF        R9, 0
;__Lib_Math.c,218 :: 		
0x01BC	0x6A08      	CLRF        R8, 0
;__Lib_Math.c,219 :: 		
0x01BE	0x5001      	MOVF        R1, 0, 0
;__Lib_Math.c,220 :: 		
0x01C0	0x1000      	IORWF       R0, 0, 0
;__Lib_Math.c,221 :: 		
0x01C2	0xB4D8      	BTFSC       STATUS, 2, 0
;__Lib_Math.c,222 :: 		
0x01C4	0x0C00      	RETLW       0
;__Lib_Math.c,224 :: 		
0x01C6	0x5001      	MOVF        R1, 0, 0
;__Lib_Math.c,225 :: 		
0x01C8	0x1805      	XORWF       R5, 0, 0
;__Lib_Math.c,226 :: 		
0x01CA	0x6E0A      	MOVWF       R10, 0
;__Lib_Math.c,227 :: 		
0x01CC	0xBE0A      	BTFSC       R10, 7, 0
;__Lib_Math.c,228 :: 		
0x01CE	0x1E0D      	COMF        R13, 1, 0
;__Lib_Math.c,230 :: 		
0x01D0	0x6A0B      	CLRF        R11, 0
;__Lib_Math.c,232 :: 		
0x01D2	0xAE05      	BTFSS       R5, 7, 0
;__Lib_Math.c,233 :: 		
0x01D4	0xD005      	BRA         $+12
;__Lib_Math.c,235 :: 		
0x01D6	0x1E04      	COMF        R4, 1, 0
;__Lib_Math.c,236 :: 		
0x01D8	0x1E05      	COMF        R5, 1, 0
;__Lib_Math.c,237 :: 		
0x01DA	0x2A04      	INCF        R4, 1, 0
;__Lib_Math.c,238 :: 		
0x01DC	0xB4D8      	BTFSC       STATUS, 2, 0
;__Lib_Math.c,239 :: 		
0x01DE	0x2A05      	INCF        R5, 1, 0
;__Lib_Math.c,241 :: 		
0x01E0	0xAE01      	BTFSS       R1, 7, 0
;__Lib_Math.c,242 :: 		
0x01E2	0xD005      	BRA         $+12
;__Lib_Math.c,244 :: 		
0x01E4	0x1E00      	COMF        R0, 1, 0
;__Lib_Math.c,245 :: 		
0x01E6	0x1E01      	COMF        R1, 1, 0
;__Lib_Math.c,246 :: 		
0x01E8	0x2A00      	INCF        R0, 1, 0
;__Lib_Math.c,247 :: 		
0x01EA	0xB4D8      	BTFSC       STATUS, 2, 0
;__Lib_Math.c,248 :: 		
0x01EC	0x2A01      	INCF        R1, 1, 0
;__Lib_Math.c,250 :: 		
0x01EE	0x5001      	MOVF        R1, 0, 0
;__Lib_Math.c,251 :: 		
0x01F0	0x1005      	IORWF       R5, 0, 0
;__Lib_Math.c,252 :: 		
0x01F2	0x6E0A      	MOVWF       R10, 0
;__Lib_Math.c,253 :: 		
0x01F4	0xBE0A      	BTFSC       R10, 7, 0
;__Lib_Math.c,254 :: 		
0x01F6	0xD010      	BRA         $+34
;__Lib_Math.c,256 :: 		
0x01F8	0xDF54      	RCALL       _Div_16x16_S_L
;__Lib_Math.c,258 :: 		
0x01FA	0xB00B      	BTFSC       R11, 0, 0
;__Lib_Math.c,259 :: 		
0x01FC	0xD020      	BRA         $+66
;__Lib_Math.c,261 :: 		
0x01FE	0xAE0D      	BTFSS       R13, 7, 0
;__Lib_Math.c,262 :: 		
0x0200	0x0C00      	RETLW       0
;__Lib_Math.c,264 :: 		
0x0202	0x1E00      	COMF        R0, 1, 0
;__Lib_Math.c,265 :: 		
0x0204	0x1E01      	COMF        R1, 1, 0
;__Lib_Math.c,266 :: 		
0x0206	0x2A00      	INCF        R0, 1, 0
;__Lib_Math.c,267 :: 		
0x0208	0xB4D8      	BTFSC       STATUS, 2, 0
;__Lib_Math.c,268 :: 		
0x020A	0x2A01      	INCF        R1, 1, 0
;__Lib_Math.c,270 :: 		
0x020C	0x1E08      	COMF        R8, 1, 0
;__Lib_Math.c,271 :: 		
0x020E	0x1E09      	COMF        R9, 1, 0
;__Lib_Math.c,272 :: 		
0x0210	0x2A08      	INCF        R8, 1, 0
;__Lib_Math.c,273 :: 		
0x0212	0xB4D8      	BTFSC       STATUS, 2, 0
;__Lib_Math.c,274 :: 		
0x0214	0x2A09      	INCF        R9, 1, 0
;__Lib_Math.c,276 :: 		
0x0216	0x0C00      	RETLW       0
;__Lib_Math.c,278 :: 		
0x0218	0xAE05      	BTFSS       R5, 7, 0
;__Lib_Math.c,279 :: 		
0x021A	0xD00D      	BRA         $+28
;__Lib_Math.c,280 :: 		
0x021C	0xBE01      	BTFSC       R1, 7, 0
;__Lib_Math.c,281 :: 		
0x021E	0xD007      	BRA         $+16
;__Lib_Math.c,282 :: 		
0x0220	0x5001      	MOVF        R1, 0, 0
;__Lib_Math.c,283 :: 		
0x0222	0x6E09      	MOVWF       R9, 0
;__Lib_Math.c,284 :: 		
0x0224	0x5000      	MOVF        R0, 0, 0
;__Lib_Math.c,285 :: 		
0x0226	0x6E08      	MOVWF       R8, 0
;__Lib_Math.c,286 :: 		
0x0228	0x6A01      	CLRF        R1, 0
;__Lib_Math.c,287 :: 		
0x022A	0x6A00      	CLRF        R0, 0
;__Lib_Math.c,288 :: 		
0x022C	0xD7E8      	BRA         $-46
;__Lib_Math.c,289 :: 		
0x022E	0x6A01      	CLRF        R1, 0
;__Lib_Math.c,290 :: 		
0x0230	0x6A00      	CLRF        R0, 0
;__Lib_Math.c,291 :: 		
0x0232	0x2A00      	INCF        R0, 1, 0
;__Lib_Math.c,292 :: 		
0x0234	0x0C00      	RETLW       0
;__Lib_Math.c,294 :: 		
0x0236	0x1E01      	COMF        R1, 1, 0
;__Lib_Math.c,295 :: 		
0x0238	0x1E00      	COMF        R0, 1, 0
;__Lib_Math.c,296 :: 		
0x023A	0x2A0B      	INCF        R11, 1, 0
;__Lib_Math.c,297 :: 		
0x023C	0xD7DD      	BRA         $-68
;__Lib_Math.c,299 :: 		
0x023E	0x2A08      	INCF        R8, 1, 0
;__Lib_Math.c,300 :: 		
0x0240	0xB4D8      	BTFSC       STATUS, 2, 0
;__Lib_Math.c,301 :: 		
0x0242	0x2A09      	INCF        R9, 1, 0
;__Lib_Math.c,302 :: 		
0x0244	0x5004      	MOVF        R4, 0, 0
;__Lib_Math.c,303 :: 		
0x0246	0x5C08      	SUBWF       R8, 0, 0
;__Lib_Math.c,304 :: 		
0x0248	0xA4D8      	BTFSS       STATUS, 2, 0
;__Lib_Math.c,305 :: 		
0x024A	0xD7D9      	BRA         $-76
;__Lib_Math.c,306 :: 		
0x024C	0x5005      	MOVF        R5, 0, 0
;__Lib_Math.c,307 :: 		
0x024E	0x5C09      	SUBWF       R9, 0, 0
;__Lib_Math.c,308 :: 		
0x0250	0xA4D8      	BTFSS       STATUS, 2, 0
;__Lib_Math.c,309 :: 		
0x0252	0xD7D5      	BRA         $-84
;__Lib_Math.c,310 :: 		
0x0254	0x6A09      	CLRF        R9, 0
;__Lib_Math.c,311 :: 		
0x0256	0x6A08      	CLRF        R8, 0
;__Lib_Math.c,312 :: 		
0x0258	0x2A00      	INCF        R0, 1, 0
;__Lib_Math.c,313 :: 		
0x025A	0xB4D8      	BTFSC       STATUS, 2, 0
;__Lib_Math.c,314 :: 		
0x025C	0x2A01      	INCF        R1, 1, 0
;__Lib_Math.c,315 :: 		
0x025E	0xAE01      	BTFSS       R1, 7, 0
;__Lib_Math.c,316 :: 		
0x0260	0xD7CE      	BRA         $-98
;__Lib_Math.c,317 :: 		
0x0262	0x0000      	NOP
;__Lib_Math.c,318 :: 		
0x0264	0x0CFF      	RETLW       255
;__Lib_Math.c,320 :: 		
L_end_Div_16x16_S:
0x0266	0x0012      	RETURN      0
; end of _Div_16x16_S
_Serial_sendData:
;Serial.c,96 :: 		void Serial_sendData(uint8_t* data_ptr, uint8_t size) {
;Serial.c,101 :: 		memcpy(transmitBuffer, data_ptr, size);
0x0268	0x0E25      	MOVLW       _transmitBuffer
0x026A	0x0100      	MOVLB       0
0x026C	0x6FA8      	MOVWF       FARG_memcpy_d1, 1
0x026E	0x0E00      	MOVLW       hi_addr(_transmitBuffer)
0x0270	0x6FA9      	MOVWF       FARG_memcpy_d1+1, 1
0x0272	0xF0AAC0A4  	MOVFF       FARG_Serial_sendData_data_ptr, FARG_memcpy_s1
0x0276	0xF0ABC0A5  	MOVFF       FARG_Serial_sendData_data_ptr+1, FARG_memcpy_s1+1
0x027A	0xF0ACC0A6  	MOVFF       FARG_Serial_sendData_size, FARG_memcpy_n
0x027E	0x0E00      	MOVLW       0
0x0280	0x6FAD      	MOVWF       FARG_memcpy_n+1, 1
0x0282	0xDF3B      	RCALL       _memcpy
;Serial.c,102 :: 		for(i = 0; i < size; i++)
0x0284	0x6BA7      	CLRF        Serial_sendData_i_L0, 1
L_Serial_sendData19:
0x0286	0x51A6      	MOVF        FARG_Serial_sendData_size, 0, 1
0x0288	0x5DA7      	SUBWF       Serial_sendData_i_L0, 0, 1
0x028A	0xE20E      	BC          L_Serial_sendData20
;Serial.c,103 :: 		UART1_Write(transmitBuffer[i]);
0x028C	0x0E25      	MOVLW       _transmitBuffer
0x028E	0x6EE9      	MOVWF       FSR0L 
0x0290	0x0E00      	MOVLW       hi_addr(_transmitBuffer)
0x0292	0x6EEA      	MOVWF       FSR0H 
0x0294	0x51A7      	MOVF        Serial_sendData_i_L0, 0, 1
0x0296	0x26E9      	ADDWF       FSR0L, 1 
0x0298	0xB0D8      	BTFSC       STATUS, 0 
0x029A	0x2AEA      	INCF        FSR0H, 1 
0x029C	0xF0A8CFEE  	MOVFF       POSTINC0, FARG_UART1_Write_data_
0x02A0	0xDEF9      	RCALL       _UART1_Write
;Serial.c,102 :: 		for(i = 0; i < size; i++)
0x02A2	0x0100      	MOVLB       0
0x02A4	0x2BA7      	INCF        Serial_sendData_i_L0, 1, 1
;Serial.c,103 :: 		UART1_Write(transmitBuffer[i]);
0x02A6	0xD7EF      	BRA         L_Serial_sendData19
L_Serial_sendData20:
;Serial.c,104 :: 		}
L_end_Serial_sendData:
0x02A8	0x0012      	RETURN      0
; end of _Serial_sendData
_Mul_16X16_U:
;__Lib_Math.c,440 :: 		
;__Lib_Math.c,447 :: 		
0x02AA	0x6A0B      	CLRF        R11, 0
;__Lib_Math.c,448 :: 		
0x02AC	0x6A0A      	CLRF        R10, 0
;__Lib_Math.c,449 :: 		
0x02AE	0x6A09      	CLRF        R9, 0
;__Lib_Math.c,450 :: 		
0x02B0	0x5000      	MOVF        R0, 0, 0
;__Lib_Math.c,451 :: 		
0x02B2	0x0204      	MULWF       R4, 0
;__Lib_Math.c,453 :: 		
0x02B4	0xF009CFF4  	MOVFF       PRODH, R9
;__Lib_Math.c,454 :: 		
0x02B8	0xF008CFF3  	MOVFF       PRODL, R8
;__Lib_Math.c,455 :: 		
0x02BC	0x5001      	MOVF        R1, 0, 0
;__Lib_Math.c,456 :: 		
0x02BE	0x0205      	MULWF       R5, 0
;__Lib_Math.c,458 :: 		
0x02C0	0xF00BCFF4  	MOVFF       PRODH, R11
;__Lib_Math.c,459 :: 		
0x02C4	0xF00ACFF3  	MOVFF       PRODL, R10
;__Lib_Math.c,460 :: 		
0x02C8	0x5000      	MOVF        R0, 0, 0
;__Lib_Math.c,461 :: 		
0x02CA	0x0205      	MULWF       R5, 0
;__Lib_Math.c,463 :: 		
0x02CC	0x50F3      	MOVF        PRODL, 0, 0
;__Lib_Math.c,464 :: 		
0x02CE	0x2609      	ADDWF       R9, 1, 0
;__Lib_Math.c,465 :: 		
0x02D0	0x50F4      	MOVF        PRODH, 0, 0
;__Lib_Math.c,466 :: 		
0x02D2	0x220A      	ADDWFC      R10, 1, 0
;__Lib_Math.c,467 :: 		
0x02D4	0x6AE8      	CLRF        WREG, 0
;__Lib_Math.c,468 :: 		
0x02D6	0x220B      	ADDWFC      R11, 1, 0
;__Lib_Math.c,469 :: 		
0x02D8	0x5001      	MOVF        R1, 0, 0
;__Lib_Math.c,470 :: 		
0x02DA	0x0204      	MULWF       R4, 0
;__Lib_Math.c,472 :: 		
0x02DC	0x50F3      	MOVF        PRODL, 0, 0
;__Lib_Math.c,473 :: 		
0x02DE	0x2609      	ADDWF       R9, 1, 0
;__Lib_Math.c,474 :: 		
0x02E0	0x50F4      	MOVF        PRODH, 0, 0
;__Lib_Math.c,475 :: 		
0x02E2	0x220A      	ADDWFC      R10, 1, 0
;__Lib_Math.c,476 :: 		
0x02E4	0x6AE8      	CLRF        WREG, 0
;__Lib_Math.c,477 :: 		
0x02E6	0x220B      	ADDWFC      R11, 1, 0
;__Lib_Math.c,479 :: 		
0x02E8	0xF000C008  	MOVFF       R8, R0
;__Lib_Math.c,480 :: 		
0x02EC	0xF001C009  	MOVFF       R9, R1
;__Lib_Math.c,481 :: 		
0x02F0	0xF002C00A  	MOVFF       R10, R2
;__Lib_Math.c,482 :: 		
0x02F4	0xF003C00B  	MOVFF       R11, R3
;__Lib_Math.c,485 :: 		
L_end_Mul_16X16_U:
0x02F8	0x0012      	RETURN      0
; end of _Mul_16X16_U
_BorisProdigy_setRequest:
;BorisProdigy.c,42 :: 		void BorisProdigy_setRequest(enum RequestType type, uint8_t data_h, uint8_t data_l) {
;BorisProdigy.c,45 :: 		requestQueue.requests[requestQueue.end].type = type;
0x02FA	0x0E03      	MOVLW       3
0x02FC	0x6E00      	MOVWF       R0 
0x02FE	0x0E00      	MOVLW       0
0x0300	0x6E01      	MOVWF       R1 
0x0302	0xF004C052  	MOVFF       _requestQueue, R4
0x0306	0x0E00      	MOVLW       0
0x0308	0x6E05      	MOVWF       R5 
0x030A	0xDFCF      	RCALL       _Mul_16X16_U
0x030C	0x0E54      	MOVLW       _requestQueue+2
0x030E	0x2400      	ADDWF       R0, 0 
0x0310	0x6EE1      	MOVWF       FSR1L 
0x0312	0x0E00      	MOVLW       hi_addr(_requestQueue+2)
0x0314	0x2001      	ADDWFC      R1, 0 
0x0316	0x6EE2      	MOVWF       FSR1H 
0x0318	0xFFE6C0AF  	MOVFF       FARG_BorisProdigy_setRequest_type, POSTINC1
;BorisProdigy.c,46 :: 		requestQueue.requests[requestQueue.end].dataHigh = data_h;
0x031C	0x0E03      	MOVLW       3
0x031E	0x6E00      	MOVWF       R0 
0x0320	0x0E00      	MOVLW       0
0x0322	0x6E01      	MOVWF       R1 
0x0324	0xF004C052  	MOVFF       _requestQueue, R4
0x0328	0x0E00      	MOVLW       0
0x032A	0x6E05      	MOVWF       R5 
0x032C	0xDFBE      	RCALL       _Mul_16X16_U
0x032E	0x0E54      	MOVLW       _requestQueue+2
0x0330	0x2600      	ADDWF       R0, 1 
0x0332	0x0E00      	MOVLW       hi_addr(_requestQueue+2)
0x0334	0x2201      	ADDWFC      R1, 1 
0x0336	0x0E01      	MOVLW       1
0x0338	0x2400      	ADDWF       R0, 0 
0x033A	0x6EE1      	MOVWF       FSR1L 
0x033C	0x0E00      	MOVLW       0
0x033E	0x2001      	ADDWFC      R1, 0 
0x0340	0x6EE2      	MOVWF       FSR1H 
0x0342	0xFFE6C0B0  	MOVFF       FARG_BorisProdigy_setRequest_data_h, POSTINC1
;BorisProdigy.c,47 :: 		requestQueue.requests[requestQueue.end].dataLow = data_l;
0x0346	0x0E03      	MOVLW       3
0x0348	0x6E00      	MOVWF       R0 
0x034A	0x0E00      	MOVLW       0
0x034C	0x6E01      	MOVWF       R1 
0x034E	0xF004C052  	MOVFF       _requestQueue, R4
0x0352	0x0E00      	MOVLW       0
0x0354	0x6E05      	MOVWF       R5 
0x0356	0xDFA9      	RCALL       _Mul_16X16_U
0x0358	0x0E54      	MOVLW       _requestQueue+2
0x035A	0x2600      	ADDWF       R0, 1 
0x035C	0x0E00      	MOVLW       hi_addr(_requestQueue+2)
0x035E	0x2201      	ADDWFC      R1, 1 
0x0360	0x0E02      	MOVLW       2
0x0362	0x2400      	ADDWF       R0, 0 
0x0364	0x6EE1      	MOVWF       FSR1L 
0x0366	0x0E00      	MOVLW       0
0x0368	0x2001      	ADDWFC      R1, 0 
0x036A	0x6EE2      	MOVWF       FSR1H 
0x036C	0xFFE6C0B1  	MOVFF       FARG_BorisProdigy_setRequest_data_l, POSTINC1
;BorisProdigy.c,50 :: 		requestQueue.end = (requestQueue.end + 1) % REQUEST_QUEUE_SIZE;
0x0370	0x5052      	MOVF        _requestQueue, 0 
0x0372	0x0F01      	ADDLW       1
0x0374	0x6E00      	MOVWF       R0 
0x0376	0x6A01      	CLRF        R1 
0x0378	0x0E00      	MOVLW       0
0x037A	0x2201      	ADDWFC      R1, 1 
0x037C	0x0E14      	MOVLW       20
0x037E	0x6E04      	MOVWF       R4 
0x0380	0x0E00      	MOVLW       0
0x0382	0x6E05      	MOVWF       R5 
0x0384	0xDF0E      	RCALL       _Div_16x16_S
0x0386	0xF000C008  	MOVFF       R8, R0
0x038A	0xF001C009  	MOVFF       R9, R1
0x038E	0xF052C000  	MOVFF       R0, _requestQueue
;BorisProdigy.c,55 :: 		if(requestQueue.end == requestQueue.begin)
0x0392	0x5052      	MOVF        _requestQueue, 0 
0x0394	0x1853      	XORWF       _requestQueue+1, 0 
0x0396	0xE111      	BNZ         L_BorisProdigy_setRequest0
;BorisProdigy.c,56 :: 		requestQueue.begin = (requestQueue.begin + 1) % REQUEST_QUEUE_SIZE;
0x0398	0x5053      	MOVF        _requestQueue+1, 0 
0x039A	0x0F01      	ADDLW       1
0x039C	0x6E00      	MOVWF       R0 
0x039E	0x6A01      	CLRF        R1 
0x03A0	0x0E00      	MOVLW       0
0x03A2	0x2201      	ADDWFC      R1, 1 
0x03A4	0x0E14      	MOVLW       20
0x03A6	0x6E04      	MOVWF       R4 
0x03A8	0x0E00      	MOVLW       0
0x03AA	0x6E05      	MOVWF       R5 
0x03AC	0xDEFA      	RCALL       _Div_16x16_S
0x03AE	0xF000C008  	MOVFF       R8, R0
0x03B2	0xF001C009  	MOVFF       R9, R1
0x03B6	0xF053C000  	MOVFF       R0, _requestQueue+1
L_BorisProdigy_setRequest0:
;BorisProdigy.c,57 :: 		}
L_end_BorisProdigy_setRequest:
0x03BA	0x0012      	RETURN      0
; end of _BorisProdigy_setRequest
_UART1_Read:
;__Lib_UART_c67d67.c,44 :: 		
;__Lib_UART_c67d67.c,47 :: 		
0x03BC	0xF001CFAE  	MOVFF       RCREG, R1
;__Lib_UART_c67d67.c,48 :: 		
0x03C0	0xA2AB      	BTFSS       RCSTA, 1 
0x03C2	0xD002      	BRA         L_UART1_Read2
;__Lib_UART_c67d67.c,49 :: 		
0x03C4	0x98AB      	BCF         RCSTA, 4 
;__Lib_UART_c67d67.c,50 :: 		
0x03C6	0x88AB      	BSF         RCSTA, 4 
;__Lib_UART_c67d67.c,51 :: 		
L_UART1_Read2:
;__Lib_UART_c67d67.c,52 :: 		
0x03C8	0xF000C001  	MOVFF       R1, R0
;__Lib_UART_c67d67.c,53 :: 		
L_end_UART1_Read:
0x03CC	0x0012      	RETURN      0
; end of _UART1_Read
_BorisProdigy_handleRequests:
;BorisProdigy.c,63 :: 		void BorisProdigy_handleRequests() {
;BorisProdigy.c,65 :: 		uint8_t port_data[2] = { 0 };
0x03CE	0x0100      	MOVLB       0
0x03D0	0x6BA0      	CLRF        BorisProdigy_handleRequests_port_data_L0, 1
0x03D2	0x6BA1      	CLRF        BorisProdigy_handleRequests_port_data_L0+1, 1
;BorisProdigy.c,68 :: 		if(requestQueue.begin == requestQueue.end) return;
0x03D4	0x5053      	MOVF        _requestQueue+1, 0 
0x03D6	0x1852      	XORWF       _requestQueue, 0 
0x03D8	0xE101      	BNZ         L_BorisProdigy_handleRequests1
0x03DA	0xD08A      	BRA         L_end_BorisProdigy_handleRequests
L_BorisProdigy_handleRequests1:
;BorisProdigy.c,71 :: 		switch(requestQueue.requests[requestQueue.begin].type) {
0x03DC	0x0E03      	MOVLW       3
0x03DE	0x6E00      	MOVWF       R0 
0x03E0	0x0E00      	MOVLW       0
0x03E2	0x6E01      	MOVWF       R1 
0x03E4	0xF004C053  	MOVFF       _requestQueue+1, R4
0x03E8	0x0E00      	MOVLW       0
0x03EA	0x6E05      	MOVWF       R5 
0x03EC	0xDF5E      	RCALL       _Mul_16X16_U
0x03EE	0x0E54      	MOVLW       _requestQueue+2
0x03F0	0x2600      	ADDWF       R0, 1 
0x03F2	0x0E00      	MOVLW       hi_addr(_requestQueue+2)
0x03F4	0x2201      	ADDWFC      R1, 1 
0x03F6	0xF0A2C000  	MOVFF       R0, FLOC__BorisProdigy_handleRequests
0x03FA	0xF0A3C001  	MOVFF       R1, FLOC__BorisProdigy_handleRequests+1
0x03FE	0xD052      	BRA         L_BorisProdigy_handleRequests2
;BorisProdigy.c,72 :: 		case REQUEST_GET_DEVICE_TYPE:
L_BorisProdigy_handleRequests4:
;BorisProdigy.c,73 :: 		Serial_sendData(serialNumber, 14);
0x0400	0x0E39      	MOVLW       _serialNumber
0x0402	0x6FA4      	MOVWF       FARG_Serial_sendData_data_ptr, 1
0x0404	0x0E00      	MOVLW       hi_addr(_serialNumber)
0x0406	0x6FA5      	MOVWF       FARG_Serial_sendData_data_ptr+1, 1
0x0408	0x0E0E      	MOVLW       14
0x040A	0x6FA6      	MOVWF       FARG_Serial_sendData_size, 1
0x040C	0xDF2D      	RCALL       _Serial_sendData
;BorisProdigy.c,74 :: 		break;
0x040E	0xD05F      	BRA         L_BorisProdigy_handleRequests3
;BorisProdigy.c,75 :: 		case REQUEST_GET_INPUT:
L_BorisProdigy_handleRequests5:
;BorisProdigy.c,76 :: 		port_data[0] = PORTA;
0x0410	0xF0A0CF80  	MOVFF       PORTA, BorisProdigy_handleRequests_port_data_L0
;BorisProdigy.c,77 :: 		port_data[1] = 0 | (PORTC & 0x0F) | ((PORTE & 0x0F) << 4);
0x0414	0x0E0F      	MOVLW       15
0x0416	0x1482      	ANDWF       PORTC, 0 
0x0418	0x6FA1      	MOVWF       BorisProdigy_handleRequests_port_data_L0+1, 1
0x041A	0x0E0F      	MOVLW       15
0x041C	0x1484      	ANDWF       PORTE, 0 
0x041E	0x6E03      	MOVWF       R3 
0x0420	0x0E04      	MOVLW       4
0x0422	0x6E02      	MOVWF       R2 
0x0424	0xF000C003  	MOVFF       R3, R0
0x0428	0x0E00      	MOVLW       0
0x042A	0x6E01      	MOVWF       R1 
0x042C	0x5002      	MOVF        R2, 0 
L__BorisProdigy_handleRequests12:
0x042E	0xE005      	BZ          L__BorisProdigy_handleRequests13
0x0430	0x3600      	RLCF        R0, 1 
0x0432	0x9000      	BCF         R0, 0 
0x0434	0x3601      	RLCF        R1, 1 
0x0436	0x0FFF      	ADDLW       255
0x0438	0xD7FA      	BRA         L__BorisProdigy_handleRequests12
L__BorisProdigy_handleRequests13:
0x043A	0x5000      	MOVF        R0, 0 
0x043C	0x13A1      	IORWF       BorisProdigy_handleRequests_port_data_L0+1, 1, 1
;BorisProdigy.c,78 :: 		Serial_sendData(port_data, 2);
0x043E	0x0EA0      	MOVLW       BorisProdigy_handleRequests_port_data_L0
0x0440	0x6FA4      	MOVWF       FARG_Serial_sendData_data_ptr, 1
0x0442	0x0E00      	MOVLW       hi_addr(BorisProdigy_handleRequests_port_data_L0)
0x0444	0x6FA5      	MOVWF       FARG_Serial_sendData_data_ptr+1, 1
0x0446	0x0E02      	MOVLW       2
0x0448	0x6FA6      	MOVWF       FARG_Serial_sendData_size, 1
0x044A	0xDF0E      	RCALL       _Serial_sendData
;BorisProdigy.c,79 :: 		break;
0x044C	0xD040      	BRA         L_BorisProdigy_handleRequests3
;BorisProdigy.c,80 :: 		case REQUEST_SET_OUTPUT:
L_BorisProdigy_handleRequests6:
;BorisProdigy.c,81 :: 		LATB = requestQueue.requests[requestQueue.begin].dataHigh;
0x044E	0x0E03      	MOVLW       3
0x0450	0x6E00      	MOVWF       R0 
0x0452	0x0E00      	MOVLW       0
0x0454	0x6E01      	MOVWF       R1 
0x0456	0xF004C053  	MOVFF       _requestQueue+1, R4
0x045A	0x0E00      	MOVLW       0
0x045C	0x6E05      	MOVWF       R5 
0x045E	0xDF25      	RCALL       _Mul_16X16_U
0x0460	0x0E54      	MOVLW       _requestQueue+2
0x0462	0x2600      	ADDWF       R0, 1 
0x0464	0x0E00      	MOVLW       hi_addr(_requestQueue+2)
0x0466	0x2201      	ADDWFC      R1, 1 
0x0468	0x0E01      	MOVLW       1
0x046A	0x2400      	ADDWF       R0, 0 
0x046C	0x6EE9      	MOVWF       FSR0L 
0x046E	0x0E00      	MOVLW       0
0x0470	0x2001      	ADDWFC      R1, 0 
0x0472	0x6EEA      	MOVWF       FSR0H 
0x0474	0xFF8ACFEE  	MOVFF       POSTINC0, LATB
;BorisProdigy.c,82 :: 		LATD = requestQueue.requests[requestQueue.begin].dataLow;
0x0478	0x0E03      	MOVLW       3
0x047A	0x6E00      	MOVWF       R0 
0x047C	0x0E00      	MOVLW       0
0x047E	0x6E01      	MOVWF       R1 
0x0480	0xF004C053  	MOVFF       _requestQueue+1, R4
0x0484	0x0E00      	MOVLW       0
0x0486	0x6E05      	MOVWF       R5 
0x0488	0xDF10      	RCALL       _Mul_16X16_U
0x048A	0x0E54      	MOVLW       _requestQueue+2
0x048C	0x2600      	ADDWF       R0, 1 
0x048E	0x0E00      	MOVLW       hi_addr(_requestQueue+2)
0x0490	0x2201      	ADDWFC      R1, 1 
0x0492	0x0E02      	MOVLW       2
0x0494	0x2400      	ADDWF       R0, 0 
0x0496	0x6EE9      	MOVWF       FSR0L 
0x0498	0x0E00      	MOVLW       0
0x049A	0x2001      	ADDWFC      R1, 0 
0x049C	0x6EEA      	MOVWF       FSR0H 
0x049E	0xFF8CCFEE  	MOVFF       POSTINC0, LATD
;BorisProdigy.c,83 :: 		break;
0x04A2	0xD015      	BRA         L_BorisProdigy_handleRequests3
;BorisProdigy.c,84 :: 		}
L_BorisProdigy_handleRequests2:
0x04A4	0xFFE9C0A2  	MOVFF       FLOC__BorisProdigy_handleRequests, FSR0L
0x04A8	0xFFEAC0A3  	MOVFF       FLOC__BorisProdigy_handleRequests+1, FSR0H
0x04AC	0x50EE      	MOVF        POSTINC0, 0 
0x04AE	0x0A00      	XORLW       0
0x04B0	0xE0A7      	BZ          L_BorisProdigy_handleRequests4
0x04B2	0xFFE9C0A2  	MOVFF       FLOC__BorisProdigy_handleRequests, FSR0L
0x04B6	0xFFEAC0A3  	MOVFF       FLOC__BorisProdigy_handleRequests+1, FSR0H
0x04BA	0x50EE      	MOVF        POSTINC0, 0 
0x04BC	0x0A01      	XORLW       1
0x04BE	0xE0A8      	BZ          L_BorisProdigy_handleRequests5
0x04C0	0xFFE9C0A2  	MOVFF       FLOC__BorisProdigy_handleRequests, FSR0L
0x04C4	0xFFEAC0A3  	MOVFF       FLOC__BorisProdigy_handleRequests+1, FSR0H
0x04C8	0x50EE      	MOVF        POSTINC0, 0 
0x04CA	0x0A02      	XORLW       2
0x04CC	0xE0C0      	BZ          L_BorisProdigy_handleRequests6
L_BorisProdigy_handleRequests3:
;BorisProdigy.c,87 :: 		requestQueue.begin = (requestQueue.begin + 1) % REQUEST_QUEUE_SIZE;
0x04CE	0x5053      	MOVF        _requestQueue+1, 0 
0x04D0	0x0F01      	ADDLW       1
0x04D2	0x6E00      	MOVWF       R0 
0x04D4	0x6A01      	CLRF        R1 
0x04D6	0x0E00      	MOVLW       0
0x04D8	0x2201      	ADDWFC      R1, 1 
0x04DA	0x0E14      	MOVLW       20
0x04DC	0x6E04      	MOVWF       R4 
0x04DE	0x0E00      	MOVLW       0
0x04E0	0x6E05      	MOVWF       R5 
0x04E2	0xDE5F      	RCALL       _Div_16x16_S
0x04E4	0xF000C008  	MOVFF       R8, R0
0x04E8	0xF001C009  	MOVFF       R9, R1
0x04EC	0xF053C000  	MOVFF       R0, _requestQueue+1
;BorisProdigy.c,88 :: 		}
L_end_BorisProdigy_handleRequests:
0x04F0	0x0012      	RETURN      0
; end of _BorisProdigy_handleRequests
_Serial_initialize:
;Serial.c,25 :: 		void Serial_initialize(enum BaudRate baudrate) {
;Serial.c,28 :: 		switch(baudrate) {
0x04F2	0xD03B      	BRA         L_Serial_initialize0
;Serial.c,29 :: 		case BAUD_1200:
L_Serial_initialize2:
;Serial.c,30 :: 		UART1_Init(1200); break;
0x04F4	0x86B8      	BSF         BAUDCON, 3, 0
0x04F6	0x0E06      	MOVLW       6
0x04F8	0x6EB0      	MOVWF       SPBRGH 
0x04FA	0x0E82      	MOVLW       130
0x04FC	0x6EAF      	MOVWF       SPBRG 
0x04FE	0x84AC      	BSF         TXSTA, 2, 0
0x0500	0xDE24      	RCALL       _UART1_Init
0x0502	0xD04C      	BRA         L_Serial_initialize1
;Serial.c,31 :: 		case BAUD_2400:
L_Serial_initialize3:
;Serial.c,32 :: 		UART1_Init(2400); break;
0x0504	0x86B8      	BSF         BAUDCON, 3, 0
0x0506	0x0E03      	MOVLW       3
0x0508	0x6EB0      	MOVWF       SPBRGH 
0x050A	0x0E40      	MOVLW       64
0x050C	0x6EAF      	MOVWF       SPBRG 
0x050E	0x84AC      	BSF         TXSTA, 2, 0
0x0510	0xDE1C      	RCALL       _UART1_Init
0x0512	0xD044      	BRA         L_Serial_initialize1
;Serial.c,33 :: 		case BAUD_4800:
L_Serial_initialize4:
;Serial.c,34 :: 		UART1_Init(4800); break;
0x0514	0x86B8      	BSF         BAUDCON, 3, 0
0x0516	0x0E01      	MOVLW       1
0x0518	0x6EB0      	MOVWF       SPBRGH 
0x051A	0x0EA0      	MOVLW       160
0x051C	0x6EAF      	MOVWF       SPBRG 
0x051E	0x84AC      	BSF         TXSTA, 2, 0
0x0520	0xDE14      	RCALL       _UART1_Init
0x0522	0xD03C      	BRA         L_Serial_initialize1
;Serial.c,35 :: 		case BAUD_9600:
L_Serial_initialize5:
;Serial.c,36 :: 		UART1_Init(9600); break;
0x0524	0x86B8      	BSF         BAUDCON, 3, 0
0x0526	0x6AB0      	CLRF        SPBRGH 
0x0528	0x0ECF      	MOVLW       207
0x052A	0x6EAF      	MOVWF       SPBRG 
0x052C	0x84AC      	BSF         TXSTA, 2, 0
0x052E	0xDE0D      	RCALL       _UART1_Init
0x0530	0xD035      	BRA         L_Serial_initialize1
;Serial.c,37 :: 		case BAUD_19200:
L_Serial_initialize6:
;Serial.c,38 :: 		UART1_Init(19200); break;
0x0532	0x86B8      	BSF         BAUDCON, 3, 0
0x0534	0x6AB0      	CLRF        SPBRGH 
0x0536	0x0E67      	MOVLW       103
0x0538	0x6EAF      	MOVWF       SPBRG 
0x053A	0x84AC      	BSF         TXSTA, 2, 0
0x053C	0xDE06      	RCALL       _UART1_Init
0x053E	0xD02E      	BRA         L_Serial_initialize1
;Serial.c,39 :: 		case BAUD_38400:
L_Serial_initialize7:
;Serial.c,40 :: 		UART1_Init(38400); break;
0x0540	0x86B8      	BSF         BAUDCON, 3, 0
0x0542	0x6AB0      	CLRF        SPBRGH 
0x0544	0x0E33      	MOVLW       51
0x0546	0x6EAF      	MOVWF       SPBRG 
0x0548	0x84AC      	BSF         TXSTA, 2, 0
0x054A	0xDDFF      	RCALL       _UART1_Init
0x054C	0xD027      	BRA         L_Serial_initialize1
;Serial.c,41 :: 		case BAUD_57600:
L_Serial_initialize8:
;Serial.c,42 :: 		UART1_Init(57600); break;
0x054E	0x86B8      	BSF         BAUDCON, 3, 0
0x0550	0x6AB0      	CLRF        SPBRGH 
0x0552	0x0E22      	MOVLW       34
0x0554	0x6EAF      	MOVWF       SPBRG 
0x0556	0x84AC      	BSF         TXSTA, 2, 0
0x0558	0xDDF8      	RCALL       _UART1_Init
0x055A	0xD020      	BRA         L_Serial_initialize1
;Serial.c,43 :: 		case BAUD_115200:
L_Serial_initialize9:
;Serial.c,44 :: 		UART1_Init(115200); break;
0x055C	0x86B8      	BSF         BAUDCON, 3, 0
0x055E	0x6AB0      	CLRF        SPBRGH 
0x0560	0x0E10      	MOVLW       16
0x0562	0x6EAF      	MOVWF       SPBRG 
0x0564	0x84AC      	BSF         TXSTA, 2, 0
0x0566	0xDDF1      	RCALL       _UART1_Init
0x0568	0xD019      	BRA         L_Serial_initialize1
;Serial.c,45 :: 		}
L_Serial_initialize0:
0x056A	0x0100      	MOVLB       0
0x056C	0x51A0      	MOVF        FARG_Serial_initialize_baudrate, 0, 1
0x056E	0x0A00      	XORLW       0
0x0570	0xE0C1      	BZ          L_Serial_initialize2
0x0572	0x51A0      	MOVF        FARG_Serial_initialize_baudrate, 0, 1
0x0574	0x0A01      	XORLW       1
0x0576	0xE0C6      	BZ          L_Serial_initialize3
0x0578	0x51A0      	MOVF        FARG_Serial_initialize_baudrate, 0, 1
0x057A	0x0A02      	XORLW       2
0x057C	0xE0CB      	BZ          L_Serial_initialize4
0x057E	0x51A0      	MOVF        FARG_Serial_initialize_baudrate, 0, 1
0x0580	0x0A03      	XORLW       3
0x0582	0xE0D0      	BZ          L_Serial_initialize5
0x0584	0x51A0      	MOVF        FARG_Serial_initialize_baudrate, 0, 1
0x0586	0x0A04      	XORLW       4
0x0588	0xE0D4      	BZ          L_Serial_initialize6
0x058A	0x51A0      	MOVF        FARG_Serial_initialize_baudrate, 0, 1
0x058C	0x0A05      	XORLW       5
0x058E	0xE0D8      	BZ          L_Serial_initialize7
0x0590	0x51A0      	MOVF        FARG_Serial_initialize_baudrate, 0, 1
0x0592	0x0A06      	XORLW       6
0x0594	0xE0DC      	BZ          L_Serial_initialize8
0x0596	0x51A0      	MOVF        FARG_Serial_initialize_baudrate, 0, 1
0x0598	0x0A07      	XORLW       7
0x059A	0xE0E0      	BZ          L_Serial_initialize9
L_Serial_initialize1:
;Serial.c,48 :: 		RC1IF_bit = false;
0x059C	0x9A9E      	BCF         RC1IF_bit, BitPos(RC1IF_bit+0) 
;Serial.c,49 :: 		RC1IE_bit = true;
0x059E	0x8A9D      	BSF         RC1IE_bit, BitPos(RC1IE_bit+0) 
;Serial.c,50 :: 		}
L_end_Serial_initialize:
0x05A0	0x0012      	RETURN      0
; end of _Serial_initialize
_Serial_handleInterrupt:
;Serial.c,56 :: 		void Serial_handleInterrupt() {
;Serial.c,58 :: 		uint8_t next_byte = UART1_Read();
0x05A2	0xDF0C      	RCALL       _UART1_Read
0x05A4	0xF0AEC000  	MOVFF       R0, Serial_handleInterrupt_next_byte_L0
;Serial.c,62 :: 		switch(next_byte) {
0x05A8	0xD010      	BRA         L_Serial_handleInterrupt10
;Serial.c,63 :: 		case 0x02: /* Get Device Type Request */
L_Serial_handleInterrupt12:
;Serial.c,64 :: 		BorisProdigy_setRequest(REQUEST_GET_DEVICE_TYPE, 0, 0);
0x05AA	0x0100      	MOVLB       0
0x05AC	0x6BAF      	CLRF        FARG_BorisProdigy_setRequest_type, 1
0x05AE	0x6BB0      	CLRF        FARG_BorisProdigy_setRequest_data_h, 1
0x05B0	0x6BB1      	CLRF        FARG_BorisProdigy_setRequest_data_l, 1
0x05B2	0xDEA3      	RCALL       _BorisProdigy_setRequest
;Serial.c,65 :: 		break;
0x05B4	0xD014      	BRA         L_Serial_handleInterrupt11
;Serial.c,66 :: 		case 0xb9: /* Get Input Request */
L_Serial_handleInterrupt13:
;Serial.c,67 :: 		BorisProdigy_setRequest(REQUEST_GET_INPUT, 0, 0);
0x05B6	0x0E01      	MOVLW       1
0x05B8	0x0100      	MOVLB       0
0x05BA	0x6FAF      	MOVWF       FARG_BorisProdigy_setRequest_type, 1
0x05BC	0x6BB0      	CLRF        FARG_BorisProdigy_setRequest_data_h, 1
0x05BE	0x6BB1      	CLRF        FARG_BorisProdigy_setRequest_data_l, 1
0x05C0	0xDE9C      	RCALL       _BorisProdigy_setRequest
;Serial.c,68 :: 		break;
0x05C2	0xD00D      	BRA         L_Serial_handleInterrupt11
;Serial.c,69 :: 		case 0xba: /* Set Output Request */
L_Serial_handleInterrupt14:
;Serial.c,70 :: 		receiveCounter = 2;
0x05C4	0x0E02      	MOVLW       2
0x05C6	0x6E47      	MOVWF       _receiveCounter 
;Serial.c,71 :: 		break;
0x05C8	0xD00A      	BRA         L_Serial_handleInterrupt11
;Serial.c,72 :: 		}
L_Serial_handleInterrupt10:
0x05CA	0x0100      	MOVLB       0
0x05CC	0x51AE      	MOVF        Serial_handleInterrupt_next_byte_L0, 0, 1
0x05CE	0x0A02      	XORLW       2
0x05D0	0xE0EC      	BZ          L_Serial_handleInterrupt12
0x05D2	0x51AE      	MOVF        Serial_handleInterrupt_next_byte_L0, 0, 1
0x05D4	0x0AB9      	XORLW       185
0x05D6	0xE0EF      	BZ          L_Serial_handleInterrupt13
0x05D8	0x51AE      	MOVF        Serial_handleInterrupt_next_byte_L0, 0, 1
0x05DA	0x0ABA      	XORLW       186
0x05DC	0xE0F3      	BZ          L_Serial_handleInterrupt14
L_Serial_handleInterrupt11:
;Serial.c,76 :: 		if(receiveCounter && next_byte != 0xba) {
0x05DE	0x5247      	MOVF        _receiveCounter, 1 
0x05E0	0xE01D      	BZ          L_Serial_handleInterrupt17
0x05E2	0x0100      	MOVLB       0
0x05E4	0x51AE      	MOVF        Serial_handleInterrupt_next_byte_L0, 0, 1
0x05E6	0x0ABA      	XORLW       186
0x05E8	0xE019      	BZ          L_Serial_handleInterrupt17
L__Serial_handleInterrupt22:
;Serial.c,77 :: 		receiveBuffer[2 - receiveCounter] = next_byte;
0x05EA	0x5047      	MOVF        _receiveCounter, 0 
0x05EC	0x0802      	SUBLW       2
0x05EE	0x6E00      	MOVWF       R0 
0x05F0	0x6A01      	CLRF        R1 
0x05F2	0x0E00      	MOVLW       0
0x05F4	0x5A01      	SUBWFB      R1, 1 
0x05F6	0x0E48      	MOVLW       _receiveBuffer
0x05F8	0x2400      	ADDWF       R0, 0 
0x05FA	0x6EE1      	MOVWF       FSR1L 
0x05FC	0x0E00      	MOVLW       hi_addr(_receiveBuffer)
0x05FE	0x2001      	ADDWFC      R1, 0 
0x0600	0x6EE2      	MOVWF       FSR1H 
0x0602	0xFFE6C0AE  	MOVFF       Serial_handleInterrupt_next_byte_L0, POSTINC1
;Serial.c,78 :: 		if(--receiveCounter == 0)
0x0606	0x0647      	DECF        _receiveCounter, 1 
0x0608	0x5047      	MOVF        _receiveCounter, 0 
0x060A	0x0A00      	XORLW       0
0x060C	0xE107      	BNZ         L_Serial_handleInterrupt18
;Serial.c,79 :: 		BorisProdigy_setRequest(REQUEST_SET_OUTPUT, receiveBuffer[0], receiveBuffer[1]);
0x060E	0x0E02      	MOVLW       2
0x0610	0x6FAF      	MOVWF       FARG_BorisProdigy_setRequest_type, 1
0x0612	0xF0B0C048  	MOVFF       _receiveBuffer, FARG_BorisProdigy_setRequest_data_h
0x0616	0xF0B1C049  	MOVFF       _receiveBuffer+1, FARG_BorisProdigy_setRequest_data_l
0x061A	0xDE6F      	RCALL       _BorisProdigy_setRequest
L_Serial_handleInterrupt18:
;Serial.c,80 :: 		}
L_Serial_handleInterrupt17:
;Serial.c,83 :: 		RC1IF_bit = false;
0x061C	0x9A9E      	BCF         RC1IF_bit, BitPos(RC1IF_bit+0) 
;Serial.c,84 :: 		}
L_end_Serial_handleInterrupt:
0x061E	0x0012      	RETURN      0
; end of _Serial_handleInterrupt
_BorisProdigy_run:
;BorisProdigy.c,94 :: 		void BorisProdigy_run() {
;BorisProdigy.c,97 :: 		IPEN_bit = false;
0x0620	0x9ED0      	BCF         IPEN_bit, BitPos(IPEN_bit+0) 
;BorisProdigy.c,98 :: 		PEIE_bit = GIE_bit = true;
0x0622	0x8EF2      	BSF         GIE_bit, BitPos(GIE_bit+0) 
0x0624	0xBEF2      	BTFSC       GIE_bit, BitPos(GIE_bit+0) 
0x0626	0xD002      	BRA         L__BorisProdigy_run15
0x0628	0x9CF2      	BCF         PEIE_bit, BitPos(PEIE_bit+0) 
0x062A	0xD001      	BRA         L__BorisProdigy_run16
L__BorisProdigy_run15:
0x062C	0x8CF2      	BSF         PEIE_bit, BitPos(PEIE_bit+0) 
L__BorisProdigy_run16:
;BorisProdigy.c,102 :: 		requestQueue.begin = requestQueue.end = 0;
0x062E	0x6A52      	CLRF        _requestQueue 
0x0630	0xF053C052  	MOVFF       _requestQueue, _requestQueue+1
;BorisProdigy.c,103 :: 		while(true)
L_BorisProdigy_run7:
;BorisProdigy.c,104 :: 		BorisProdigy_handleRequests();
0x0634	0xDECC      	RCALL       _BorisProdigy_handleRequests
0x0636	0xD7FE      	BRA         L_BorisProdigy_run7
;BorisProdigy.c,105 :: 		}
L_end_BorisProdigy_run:
0x0638	0x0012      	RETURN      0
; end of _BorisProdigy_run
___CC2DW:
;__Lib_System.c,21 :: 		
;__Lib_System.c,23 :: 		
_CC2DL_Loop1:
;__Lib_System.c,24 :: 		
0x063A	0x0009      	TBLRD*+
;__Lib_System.c,25 :: 		
0x063C	0xFFE6CFF5  	MOVFF       TABLAT, POSTINC1
;__Lib_System.c,26 :: 		
0x0640	0x0600      	DECF        R0, 1, 0
;__Lib_System.c,27 :: 		
0x0642	0xE1FB      	BNZ         _CC2DL_Loop1
;__Lib_System.c,28 :: 		
0x0644	0x0601      	DECF        R1, 1, 0
;__Lib_System.c,29 :: 		
0x0646	0xE1F9      	BNZ         _CC2DL_Loop1
;__Lib_System.c,31 :: 		
L_end___CC2DW:
0x0648	0x0012      	RETURN      0
; end of ___CC2DW
_BorisProdigy_initialize:
;BorisProdigy.c,18 :: 		void BorisProdigy_initialize() {
;BorisProdigy.c,20 :: 		ADCON0 = ADCON1 = ADCON2 = 0x00;
0x064A	0x6AC0      	CLRF        ADCON2 
0x064C	0xFFC1CFC0  	MOVFF       ADCON2, ADCON1
0x0650	0xFFC2CFC1  	MOVFF       ADCON1, ADCON0
;BorisProdigy.c,21 :: 		CM1CON0 = CM2CON0 = VREFCON0 = VREFCON1 = VREFCON2 =  0x00;
0x0654	0x010F      	MOVLB       15
0x0656	0x6B40      	CLRF        VREFCON2, 1
0x0658	0xFF41CF40  	MOVFF       VREFCON2, VREFCON1
0x065C	0xFF42CF41  	MOVFF       VREFCON1, VREFCON0
0x0660	0xFF78CF42  	MOVFF       VREFCON0, CM2CON0
0x0664	0xFF79CF78  	MOVFF       CM2CON0, CM1CON0
;BorisProdigy.c,25 :: 		ANSELA = ANSELB = ANSELC = ANSELD = ANSELE = 0x00;
0x0668	0x6B3C      	CLRF        ANSELE, 1
0x066A	0xFF3BCF3C  	MOVFF       ANSELE, ANSELD
0x066E	0xFF3ACF3B  	MOVFF       ANSELD, ANSELC
0x0672	0xFF39CF3A  	MOVFF       ANSELC, ANSELB
0x0676	0xFF38CF39  	MOVFF       ANSELB, ANSELA
;BorisProdigy.c,26 :: 		SLRCON = LATA = LATB = LATC = LATD = LATE = 0x00;
0x067A	0x6A8D      	CLRF        LATE 
0x067C	0xFF8CCF8D  	MOVFF       LATE, LATD
0x0680	0xFF8BCF8C  	MOVFF       LATD, LATC
0x0684	0xFF8ACF8B  	MOVFF       LATC, LATB
0x0688	0xFF89CF8A  	MOVFF       LATB, LATA
0x068C	0xFF60CF89  	MOVFF       LATA, SLRCON
;BorisProdigy.c,27 :: 		TRISA = TRISB = TRISC = TRISD = TRISE = 0xFF;
0x0690	0x0EFF      	MOVLW       255
0x0692	0x6E96      	MOVWF       TRISE 
0x0694	0xFF95CF96  	MOVFF       TRISE, TRISD
0x0698	0xFF94CF95  	MOVFF       TRISD, TRISC
0x069C	0xFF93CF94  	MOVFF       TRISC, TRISB
0x06A0	0xFF92CF93  	MOVFF       TRISB, TRISA
;BorisProdigy.c,31 :: 		TRISB = TRISD = 0x00;
0x06A4	0x6A95      	CLRF        TRISD 
0x06A6	0xFF93CF95  	MOVFF       TRISD, TRISB
;BorisProdigy.c,34 :: 		requestQueue.begin = requestQueue.end = 0;
0x06AA	0x6A52      	CLRF        _requestQueue 
0x06AC	0xF053C052  	MOVFF       _requestQueue, _requestQueue+1
;BorisProdigy.c,35 :: 		Serial_initialize(BAUD_9600);
0x06B0	0x0E03      	MOVLW       3
0x06B2	0x0100      	MOVLB       0
0x06B4	0x6FA0      	MOVWF       FARG_Serial_initialize_baudrate, 1
0x06B6	0xDF1D      	RCALL       _Serial_initialize
;BorisProdigy.c,36 :: 		}
L_end_BorisProdigy_initialize:
0x06B8	0x0012      	RETURN      0
; end of _BorisProdigy_initialize
_main:
0x06BA	0xF003EC79  	CALL        1778, 0
;Main.c,21 :: 		void main() {
;Main.c,23 :: 		BorisProdigy_initialize();
0x06BE	0xDFC5      	RCALL       _BorisProdigy_initialize
;Main.c,24 :: 		BorisProdigy_run();
0x06C0	0xDFAF      	RCALL       _BorisProdigy_run
;Main.c,25 :: 		}
L_end_main:
0x06C2	0xD7FF      	BRA         $+0
; end of _main
0x06F2	0xF025EE10  	LFSR        1, 37
0x06F6	0x0E2D      	MOVLW       45
0x06F8	0x6E00      	MOVWF       R0 
0x06FA	0x0E01      	MOVLW       1
0x06FC	0x6E01      	MOVWF       R1 
0x06FE	0x0EC4      	MOVLW       196
0x0700	0x6EF6      	MOVWF       4086 
0x0702	0x0E06      	MOVLW       6
0x0704	0x6EF7      	MOVWF       TBLPTRH 
0x0706	0x0E00      	MOVLW       0
0x0708	0x6EF8      	MOVWF       TBLPTRU 
0x070A	0xF003EC1D  	CALL        1594, 0
0x070E	0x0012      	RETURN      0
;Serial.c,0 :: ?ICS_transmitBuffer
0x06C4	0x0000 ;?ICS_transmitBuffer+0
0x06C6	0x0000 ;?ICS_transmitBuffer+2
0x06C8	0x0000 ;?ICS_transmitBuffer+4
0x06CA	0x0000 ;?ICS_transmitBuffer+6
0x06CC	0x0000 ;?ICS_transmitBuffer+8
0x06CE	0x0000 ;?ICS_transmitBuffer+10
0x06D0	0x0000 ;?ICS_transmitBuffer+12
0x06D2	0x0000 ;?ICS_transmitBuffer+14
0x06D4	0x0000 ;?ICS_transmitBuffer+16
0x06D6	0x0000 ;?ICS_transmitBuffer+18
; end of ?ICS_transmitBuffer
;BorisProdigy.c,0 :: ?ICS_serialNumber
0x06D8	0x4F53 ;?ICS_serialNumber+0
0x06DA	0x3733 ;?ICS_serialNumber+2
0x06DC	0x3531 ;?ICS_serialNumber+4
0x06DE	0x312D ;?ICS_serialNumber+6
0x06E0	0x2E48 ;?ICS_serialNumber+8
0x06E2	0x3131 ;?ICS_serialNumber+10
0x06E4	0x0030 ;?ICS_serialNumber+12
; end of ?ICS_serialNumber
;Serial.c,0 :: ?ICS_receiveCounter
0x06E6	0x00 ;?ICS_receiveCounter+0
; end of ?ICS_receiveCounter
;Serial.c,0 :: ?ICS_receiveBuffer
0x06E7	0x0000 ;?ICS_receiveBuffer+0
0x06E9	0x0000 ;?ICS_receiveBuffer+2
0x06EB	0x0000 ;?ICS_receiveBuffer+4
0x06ED	0x0000 ;?ICS_receiveBuffer+6
0x06EF	0x0000 ;?ICS_receiveBuffer+8
; end of ?ICS_receiveBuffer
Symbol List:
//** Routines locations **
//ADDRESS    SIZE    PROCEDURE
//----------------------------------------------
0x0008     [140]    _interrupt
0x0094      [14]    _UART1_Write
0x00A2      [88]    _Div_16x16_S_L
0x00FA      [80]    _memcpy
0x014A      [88]    _UART1_Init
0x01A2     [198]    _Div_16x16_S
0x0268      [66]    _Serial_sendData
0x02AA      [80]    _Mul_16X16_U
0x02FA     [194]    _BorisProdigy_setRequest
0x03BC      [18]    _UART1_Read
0x03CE     [292]    _BorisProdigy_handleRequests
0x04F2     [176]    _Serial_initialize
0x05A2     [126]    _Serial_handleInterrupt
0x0620      [26]    _BorisProdigy_run
0x063A      [16]    ___CC2DW
0x064A     [112]    _BorisProdigy_initialize
0x06BA      [10]    _main
//** Variables locations ** 
//ADDRESS    SIZE    VARIABLE
//----------------------------------------------
0x0000       [1]    R0
0x0000       [1]    UART1_Init_tmp_L0
0x0000       [1]    UART2_Init_tmp_L0
0x0001       [1]    UART1_Read___tmp_UART1_Read_L0
0x0001       [1]    UART2_Read___tmp_UART2_Read_L0
0x0001       [1]    R1
0x0002       [2]    memcpy_dd_L0
0x0002       [2]    memchr_s_L0
0x0002       [1]    R2
0x0002       [2]    memset_pp_L0
0x0002       [2]    strlen_cp_L0
0x0003       [2]    memmove_tt_L0
0x0003       [1]    R3
0x0004       [2]    strcat_cp_L0
0x0004       [2]    strncat_cp_L0
0x0004       [2]    strcpy_cp_L0
0x0004       [2]    memcpy_ss_L0
0x0004       [2]    strncpy_cp_L0
0x0004       [1]    R4
0x0005       [2]    memmove_ff_L0
0x0005       [1]    R5
0x0006       [1]    R6
0x0007       [1]    R7
0x0008       [1]    R8
0x0009       [1]    R9
0x000A       [1]    R10
0x000B       [1]    R11
0x000C       [1]    R12
0x000D       [1]    R13
0x000E       [1]    R14
0x000F       [1]    R15
0x0010       [1]    R16
0x0011       [1]    R17
0x0012       [1]    R18
0x0013       [1]    R19
0x0014       [1]    R20
0x0025      [20]    _transmitBuffer
0x0039      [14]    _serialNumber
0x0047       [1]    _receiveCounter
0x0048      [10]    _receiveBuffer
0x0052      [62]    _requestQueue
0x0090       [4]    _UART_Wr_Ptr
0x0094       [4]    _UART_Rd_Ptr
0x0098       [4]    _UART_Rdy_Ptr
0x009C       [4]    _UART_Tx_Idle_Ptr
0x00A0       [1]    FARG_Serial_initialize_baudrate
0x00A0       [2]    BorisProdigy_handleRequests_port_data_L0
0x00A2       [2]    FLOC__BorisProdigy_handleRequests
0x00A4       [2]    FARG_Serial_sendData_data_ptr
0x00A6       [1]    FARG_Serial_sendData_size
0x00A7       [1]    Serial_sendData_i_L0
0x00A8       [2]    FARG_memcpy_d1
0x00A8       [1]    FARG_UART1_Write_data_
0x00AA       [2]    FARG_memcpy_s1
0x00AC       [2]    FARG_memcpy_n
0x00AE       [1]    Serial_handleInterrupt_next_byte_L0
0x00AF       [1]    FARG_BorisProdigy_setRequest_type
0x00B0       [1]    FARG_BorisProdigy_setRequest_data_h
0x00B1       [1]    FARG_BorisProdigy_setRequest_data_l
0x0F38       [1]    ANSELA
0x0F39       [1]    ANSELB
0x0F3A       [1]    ANSELC
0x0F3B       [1]    ANSELD
0x0F3C       [1]    ANSELE
0x0F40       [1]    VREFCON2
0x0F41       [1]    VREFCON1
0x0F42       [1]    VREFCON0
0x0F60       [1]    SLRCON
0x0F78       [1]    CM2CON0
0x0F79       [1]    CM1CON0
0x0F80       [1]    PORTA
0x0F82       [1]    PORTC
0x0F84       [1]    PORTE
0x0F89       [1]    LATA
0x0F8A       [1]    LATB
0x0F8B       [1]    LATC
0x0F8C       [1]    LATD
0x0F8D       [1]    LATE
0x0F92       [1]    TRISA
0x0F93       [1]    TRISB
0x0F94       [0]    TRISC7_bit
0x0F94       [1]    TRISC
0x0F94       [0]    TRISC6_bit
0x0F95       [1]    TRISD
0x0F96       [1]    TRISE
0x0F9D       [0]    RC1IE_bit
0x0F9E       [0]    RC1IF_bit
0x0F9E       [1]    PIR1
0x0FAB       [1]    RCSTA
0x0FAC       [1]    TXSTA
0x0FAD       [1]    TXREG
0x0FAE       [1]    RCREG
0x0FAF       [1]    SPBRG
0x0FB0       [1]    SPBRGH
0x0FB8       [1]    BAUDCON
0x0FC0       [1]    ADCON2
0x0FC1       [1]    ADCON1
0x0FC2       [1]    ADCON0
0x0FD0       [0]    IPEN_bit
0x0FD8       [1]    STATUS
0x0FD9       [1]    FSR2L
0x0FDA       [1]    FSR2H
0x0FDE       [1]    POSTINC2
0x0FE0       [1]    BSR
0x0FE1       [1]    FSR1L
0x0FE2       [1]    FSR1H
0x0FE4       [1]    PREINC1
0x0FE6       [1]    POSTINC1
0x0FE7       [1]    INDF1
0x0FE8       [1]    WREG
0x0FE9       [1]    FSR0L
0x0FEA       [1]    FSR0H
0x0FEE       [1]    POSTINC0
0x0FF2       [0]    GIE_bit
0x0FF2       [0]    PEIE_bit
0x0FF3       [1]    PRODL
0x0FF4       [1]    PRODH
0x0FF5       [1]    TABLAT
0x0FF6       [1]    TBLPTRL
0x0FF7       [1]    TBLPTRH
0x0FF8       [1]    TBLPTRU
//** Constants locations ** 
//ADDRESS    SIZE    CONSTANT
//----------------------------------------------
0x06C4      [20]    ?ICS_transmitBuffer
0x06D8      [14]    ?ICS_serialNumber
0x06E6       [1]    ?ICS_receiveCounter
0x06E7      [10]    ?ICS_receiveBuffer
